
> smart-support-frontend@0.1.0 dev
> next dev

  ▲ Next.js 14.2.12
  - Local:        http://localhost:3000

 ✓ Starting...
 ✓ Ready in 1442ms
 ○ Compiling / ...
 ✓ Compiled / in 1390ms (1480 modules)
 GET / 200 in 1692ms
 ✓ Compiled in 325ms (750 modules)
 GET / 200 in 189ms
 GET /?section=inbox&tab=chats&status=all 200 in 39ms
 ✓ Compiled /_not-found in 453ms (1467 modules)
 GET /.well-known/appspecific/com.chrome.devtools.json 404 in 543ms
 GET /?section=inbox&tab=chats&status=all 200 in 240ms
 GET /.well-known/appspecific/com.chrome.devtools.json 404 in 16ms
 GET /?section=inbox&tab=chats&status=all 200 in 483ms
 GET /.well-known/appspecific/com.chrome.devtools.json 404 in 34ms
 ✓ Compiled in 2s (1480 modules)
 GET /?section=knowledge 200 in 331ms
 ✓ Compiled /_not-found in 411ms (731 modules)
 GET /.well-known/appspecific/com.chrome.devtools.json 404 in 523ms
 ✓ Compiled in 2.1s (1480 modules)
 ✓ Compiled in 5s (1480 modules)
 GET /?section=inbox&tab=chats&status=all 200 in 736ms
 GET /?section=inbox&tab=chats&status=all 200 in 474ms
 ○ Compiling /_not-found ...
 ✓ Compiled /_not-found in 27.6s (1481 modules)
 ⨯ TypeError: render is not a function
    at lazyRenderAppPage (/Users/damir/Desktop/smart-support/frontend-support/node_modules/next/dist/server/future/route-modules/app-page/module.render.js:16:16)
    at DevServer.renderHTMLImpl (/Users/damir/Desktop/smart-support/frontend-support/node_modules/next/dist/server/next-server.js:626:60)
    at /Users/damir/Desktop/smart-support/frontend-support/node_modules/next/dist/server/next-server.js:614:105
    at NextTracerImpl.trace (/Users/damir/Desktop/smart-support/frontend-support/node_modules/next/dist/server/lib/trace/tracer.js:105:20)
    at DevServer.renderHTML (/Users/damir/Desktop/smart-support/frontend-support/node_modules/next/dist/server/next-server.js:614:41)
    at doRender (/Users/damir/Desktop/smart-support/frontend-support/node_modules/next/dist/server/base-server.js:1418:37)
    at cacheEntry.responseCache.get.routeKind (/Users/damir/Desktop/smart-support/frontend-support/node_modules/next/dist/server/base-server.js:1567:34)
    at ResponseCache.get (/Users/damir/Desktop/smart-support/frontend-support/node_modules/next/dist/server/response-cache/index.js:49:26)
    at DevServer.renderToResponseWithComponentsImpl (/Users/damir/Desktop/smart-support/frontend-support/node_modules/next/dist/server/base-server.js:1475:53)
    at /Users/damir/Desktop/smart-support/frontend-support/node_modules/next/dist/server/base-server.js:996:121
    at NextTracerImpl.trace (/Users/damir/Desktop/smart-support/frontend-support/node_modules/next/dist/server/lib/trace/tracer.js:105:20)
    at DevServer.renderToResponseWithComponents (/Users/damir/Desktop/smart-support/frontend-support/node_modules/next/dist/server/base-server.js:996:41)
    at DevServer.renderErrorToResponseImpl (/Users/damir/Desktop/smart-support/frontend-support/node_modules/next/dist/server/base-server.js:2159:35)
    at async pipe.req.req (/Users/damir/Desktop/smart-support/frontend-support/node_modules/next/dist/server/base-server.js:2033:30)
    at async DevServer.pipeImpl (/Users/damir/Desktop/smart-support/frontend-support/node_modules/next/dist/server/base-server.js:914:25)
    at async /Users/damir/Desktop/smart-support/frontend-support/node_modules/next/dist/server/dev/next-dev-server.js:339:20
    at async Span.traceAsyncFn (/Users/damir/Desktop/smart-support/frontend-support/node_modules/next/dist/trace/trace.js:154:20)
    at async DevServer.handleRequest (/Users/damir/Desktop/smart-support/frontend-support/node_modules/next/dist/server/dev/next-dev-server.js:336:24)
    at async invokeRender (/Users/damir/Desktop/smart-support/frontend-support/node_modules/next/dist/server/lib/router-server.js:173:21)
    at async handleRequest (/Users/damir/Desktop/smart-support/frontend-support/node_modules/next/dist/server/lib/router-server.js:365:24)
    at async requestHandlerImpl (/Users/damir/Desktop/smart-support/frontend-support/node_modules/next/dist/server/lib/router-server.js:374:13)
    at async Server.requestListener (/Users/damir/Desktop/smart-support/frontend-support/node_modules/next/dist/server/lib/start-server.js:141:13)
 ⨯ TypeError: Cannot read properties of undefined (reading 'react-rsc')
    at eval (webpack-internal:///(rsc)/./node_modules/next/dist/server/future/route-modules/app-page/vendored/rsc/react-server-dom-webpack-server-edge.js:2:170)
    at (rsc)/./node_modules/next/dist/server/future/route-modules/app-page/vendored/rsc/react-server-dom-webpack-server-edge.js (/Users/damir/Desktop/smart-support/frontend-support/.next/server/vendor-chunks/next.js:2052:1)
    at __webpack_require__ (/Users/damir/Desktop/smart-support/frontend-support/.next/server/webpack-runtime.js:33:42)
    at eval (webpack-internal:///(rsc)/./node_modules/next/dist/build/webpack/loaders/next-flight-loader/module-proxy.js:11:21)
    at (rsc)/./node_modules/next/dist/build/webpack/loaders/next-flight-loader/module-proxy.js (/Users/damir/Desktop/smart-support/frontend-support/.next/server/vendor-chunks/next.js:1776:1)
    at __webpack_require__ (/Users/damir/Desktop/smart-support/frontend-support/.next/server/webpack-runtime.js:33:42)
    at (rsc)/./node_modules/next/dist/client/components/error-boundary.js (/Users/damir/Desktop/smart-support/frontend-support/.next/server/vendor-chunks/next.js:1818:25)
    at __webpack_require__ (/Users/damir/Desktop/smart-support/frontend-support/.next/server/webpack-runtime.js:33:42)
    at eval (webpack-internal:///(rsc)/./node_modules/next/dist/build/webpack/loaders/next-app-loader.js?name=app%2Fpage&page=%2Fpage&appPaths=%2Fpage&pagePath=private-next-app-dir%2Fpage.tsx&appDir=%2FUsers%2Fdamir%2FDesktop%2Fsmart-support%2Ffrontend-support%2Fapp&pageExtensions=tsx&pageExtensions=ts&pageExtensions=jsx&pageExtensions=js&rootDir=%2FUsers%2Fdamir%2FDesktop%2Fsmart-support%2Ffrontend-support&isDev=true&tsconfigPath=tsconfig.json&basePath=&assetPrefix=&nextConfigOutput=standalone&preferredRegion=&middlewareConfig=e30%3D!:13:100)
    at (rsc)/./node_modules/next/dist/build/webpack/loaders/next-app-loader.js?name=app%2Fpage&page=%2Fpage&appPaths=%2Fpage&pagePath=private-next-app-dir%2Fpage.tsx&appDir=%2FUsers%2Fdamir%2FDesktop%2Fsmart-support%2Ffrontend-support%2Fapp&pageExtensions=tsx&pageExtensions=ts&pageExtensions=jsx&pageExtensions=js&rootDir=%2FUsers%2Fdamir%2FDesktop%2Fsmart-support%2Ffrontend-support&isDev=true&tsconfigPath=tsconfig.json&basePath=&assetPrefix=&nextConfigOutput=standalone&preferredRegion=&middlewareConfig=e30%3D! (/Users/damir/Desktop/smart-support/frontend-support/.next/server/app/page.js:66:1)
    at __webpack_require__ (/Users/damir/Desktop/smart-support/frontend-support/.next/server/webpack-runtime.js:33:42)
    at __webpack_exec__ (/Users/damir/Desktop/smart-support/frontend-support/.next/server/app/page.js:250:39)
    at /Users/damir/Desktop/smart-support/frontend-support/.next/server/app/page.js:251:808
    at __webpack_require__.X (/Users/damir/Desktop/smart-support/frontend-support/.next/server/webpack-runtime.js:163:21)
    at /Users/damir/Desktop/smart-support/frontend-support/.next/server/app/page.js:251:47
    at Object.<anonymous> (/Users/damir/Desktop/smart-support/frontend-support/.next/server/app/page.js:254:3)
    at Module._compile (node:internal/modules/cjs/loader:1705:14)
    at Object..js (node:internal/modules/cjs/loader:1838:10)
    at Module.load (node:internal/modules/cjs/loader:1441:32)
    at Function._load (node:internal/modules/cjs/loader:1263:12)
    at TracingChannel.traceSync (node:diagnostics_channel:328:14)
    at wrapModuleLoad (node:internal/modules/cjs/loader:237:24)
    at Module.<anonymous> (node:internal/modules/cjs/loader:1463:12)
    at mod.require (/Users/damir/Desktop/smart-support/frontend-support/node_modules/next/dist/server/require-hook.js:65:28)
    at require (node:internal/modules/helpers:147:16)
    at requirePage (/Users/damir/Desktop/smart-support/frontend-support/node_modules/next/dist/server/require.js:109:84)
    at /Users/damir/Desktop/smart-support/frontend-support/node_modules/next/dist/server/load-components.js:98:84
    at async loadComponentsImpl (/Users/damir/Desktop/smart-support/frontend-support/node_modules/next/dist/server/load-components.js:98:26)
    at async DevServer.findPageComponentsImpl (/Users/damir/Desktop/smart-support/frontend-support/node_modules/next/dist/server/next-server.js:709:36)
    at async DevServer.findPageComponents (/Users/damir/Desktop/smart-support/frontend-support/node_modules/next/dist/server/dev/next-dev-server.js:577:20)
    at async DevServer.renderPageComponent (/Users/damir/Desktop/smart-support/frontend-support/node_modules/next/dist/server/base-server.js:1887:24)
    at async DevServer.renderToResponseImpl (/Users/damir/Desktop/smart-support/frontend-support/node_modules/next/dist/server/base-server.js:1939:32)
    at async DevServer.pipeImpl (/Users/damir/Desktop/smart-support/frontend-support/node_modules/next/dist/server/base-server.js:914:25)
    at async NextNodeServer.handleCatchallRenderRequest (/Users/damir/Desktop/smart-support/frontend-support/node_modules/next/dist/server/next-server.js:272:17)
    at async DevServer.handleRequestImpl (/Users/damir/Desktop/smart-support/frontend-support/node_modules/next/dist/server/base-server.js:810:17)
    at async /Users/damir/Desktop/smart-support/frontend-support/node_modules/next/dist/server/dev/next-dev-server.js:339:20
    at async Span.traceAsyncFn (/Users/damir/Desktop/smart-support/frontend-support/node_modules/next/dist/trace/trace.js:154:20)
    at async DevServer.handleRequest (/Users/damir/Desktop/smart-support/frontend-support/node_modules/next/dist/server/dev/next-dev-server.js:336:24)
    at async invokeRender (/Users/damir/Desktop/smart-support/frontend-support/node_modules/next/dist/server/lib/router-server.js:173:21)
    at async handleRequest (/Users/damir/Desktop/smart-support/frontend-support/node_modules/next/dist/server/lib/router-server.js:350:24)
    at async requestHandlerImpl (/Users/damir/Desktop/smart-support/frontend-support/node_modules/next/dist/server/lib/router-server.js:374:13)
    at async Server.requestListener (/Users/damir/Desktop/smart-support/frontend-support/node_modules/next/dist/server/lib/start-server.js:141:13) {
  page: '/'
}
 ⨯ TypeError: Cannot read properties of undefined (reading 'react-rsc')
    at eval (webpack-internal:///(rsc)/./node_modules/next/dist/server/future/route-modules/app-page/vendored/rsc/react-server-dom-webpack-server-edge.js:2:170)
    at (rsc)/./node_modules/next/dist/server/future/route-modules/app-page/vendored/rsc/react-server-dom-webpack-server-edge.js (/Users/damir/Desktop/smart-support/frontend-support/.next/server/vendor-chunks/next.js:2052:1)
    at __webpack_require__ (/Users/damir/Desktop/smart-support/frontend-support/.next/server/webpack-runtime.js:33:42)
    at eval (webpack-internal:///(rsc)/./node_modules/next/dist/build/webpack/loaders/next-flight-loader/module-proxy.js:11:21)
    at (rsc)/./node_modules/next/dist/build/webpack/loaders/next-flight-loader/module-proxy.js (/Users/damir/Desktop/smart-support/frontend-support/.next/server/vendor-chunks/next.js:1776:1)
    at __webpack_require__ (/Users/damir/Desktop/smart-support/frontend-support/.next/server/webpack-runtime.js:33:42)
    at (rsc)/./node_modules/next/dist/client/components/error-boundary.js (/Users/damir/Desktop/smart-support/frontend-support/.next/server/vendor-chunks/next.js:1818:25)
    at __webpack_require__ (/Users/damir/Desktop/smart-support/frontend-support/.next/server/webpack-runtime.js:33:42)
    at eval (webpack-internal:///(rsc)/./node_modules/next/dist/build/webpack/loaders/next-app-loader.js?name=app%2Fpage&page=%2Fpage&appPaths=%2Fpage&pagePath=private-next-app-dir%2Fpage.tsx&appDir=%2FUsers%2Fdamir%2FDesktop%2Fsmart-support%2Ffrontend-support%2Fapp&pageExtensions=tsx&pageExtensions=ts&pageExtensions=jsx&pageExtensions=js&rootDir=%2FUsers%2Fdamir%2FDesktop%2Fsmart-support%2Ffrontend-support&isDev=true&tsconfigPath=tsconfig.json&basePath=&assetPrefix=&nextConfigOutput=standalone&preferredRegion=&middlewareConfig=e30%3D!:13:100)
    at (rsc)/./node_modules/next/dist/build/webpack/loaders/next-app-loader.js?name=app%2Fpage&page=%2Fpage&appPaths=%2Fpage&pagePath=private-next-app-dir%2Fpage.tsx&appDir=%2FUsers%2Fdamir%2FDesktop%2Fsmart-support%2Ffrontend-support%2Fapp&pageExtensions=tsx&pageExtensions=ts&pageExtensions=jsx&pageExtensions=js&rootDir=%2FUsers%2Fdamir%2FDesktop%2Fsmart-support%2Ffrontend-support&isDev=true&tsconfigPath=tsconfig.json&basePath=&assetPrefix=&nextConfigOutput=standalone&preferredRegion=&middlewareConfig=e30%3D! (/Users/damir/Desktop/smart-support/frontend-support/.next/server/app/page.js:66:1)
    at __webpack_require__ (/Users/damir/Desktop/smart-support/frontend-support/.next/server/webpack-runtime.js:33:42)
    at __webpack_exec__ (/Users/damir/Desktop/smart-support/frontend-support/.next/server/app/page.js:250:39)
    at /Users/damir/Desktop/smart-support/frontend-support/.next/server/app/page.js:251:808
    at __webpack_require__.X (/Users/damir/Desktop/smart-support/frontend-support/.next/server/webpack-runtime.js:163:21)
    at /Users/damir/Desktop/smart-support/frontend-support/.next/server/app/page.js:251:47
    at Object.<anonymous> (/Users/damir/Desktop/smart-support/frontend-support/.next/server/app/page.js:254:3)
    at Module._compile (node:internal/modules/cjs/loader:1705:14)
    at Object..js (node:internal/modules/cjs/loader:1838:10)
    at Module.load (node:internal/modules/cjs/loader:1441:32)
    at Function._load (node:internal/modules/cjs/loader:1263:12)
    at TracingChannel.traceSync (node:diagnostics_channel:328:14)
    at wrapModuleLoad (node:internal/modules/cjs/loader:237:24)
    at Module.<anonymous> (node:internal/modules/cjs/loader:1463:12)
    at mod.require (/Users/damir/Desktop/smart-support/frontend-support/node_modules/next/dist/server/require-hook.js:65:28)
    at require (node:internal/modules/helpers:147:16)
    at requirePage (/Users/damir/Desktop/smart-support/frontend-support/node_modules/next/dist/server/require.js:109:84)
    at /Users/damir/Desktop/smart-support/frontend-support/node_modules/next/dist/server/load-components.js:98:84
    at async loadComponentsImpl (/Users/damir/Desktop/smart-support/frontend-support/node_modules/next/dist/server/load-components.js:98:26)
    at async DevServer.findPageComponentsImpl (/Users/damir/Desktop/smart-support/frontend-support/node_modules/next/dist/server/next-server.js:709:36)
    at async DevServer.findPageComponents (/Users/damir/Desktop/smart-support/frontend-support/node_modules/next/dist/server/dev/next-dev-server.js:577:20)
    at async DevServer.renderPageComponent (/Users/damir/Desktop/smart-support/frontend-support/node_modules/next/dist/server/base-server.js:1887:24)
    at async DevServer.renderToResponseImpl (/Users/damir/Desktop/smart-support/frontend-support/node_modules/next/dist/server/base-server.js:1939:32)
    at async DevServer.pipeImpl (/Users/damir/Desktop/smart-support/frontend-support/node_modules/next/dist/server/base-server.js:914:25)
    at async NextNodeServer.handleCatchallRenderRequest (/Users/damir/Desktop/smart-support/frontend-support/node_modules/next/dist/server/next-server.js:272:17)
    at async DevServer.handleRequestImpl (/Users/damir/Desktop/smart-support/frontend-support/node_modules/next/dist/server/base-server.js:810:17)
    at async /Users/damir/Desktop/smart-support/frontend-support/node_modules/next/dist/server/dev/next-dev-server.js:339:20
    at async Span.traceAsyncFn (/Users/damir/Desktop/smart-support/frontend-support/node_modules/next/dist/trace/trace.js:154:20)
    at async DevServer.handleRequest (/Users/damir/Desktop/smart-support/frontend-support/node_modules/next/dist/server/dev/next-dev-server.js:336:24)
    at async invokeRender (/Users/damir/Desktop/smart-support/frontend-support/node_modules/next/dist/server/lib/router-server.js:173:21)
    at async handleRequest (/Users/damir/Desktop/smart-support/frontend-support/node_modules/next/dist/server/lib/router-server.js:350:24)
    at async requestHandlerImpl (/Users/damir/Desktop/smart-support/frontend-support/node_modules/next/dist/server/lib/router-server.js:374:13)
    at async Server.requestListener (/Users/damir/Desktop/smart-support/frontend-support/node_modules/next/dist/server/lib/start-server.js:141:13) {
  page: '/'
}
 ○ Compiling /_error ...
 GET / 500 in 441206ms
 ✓ Compiled /_error in 625.3s (1706 modules)
 ⨯ TypeError: Cannot read properties of undefined (reading 'contexts')
    at eval (webpack-internal:///./node_modules/next/dist/server/future/route-modules/pages/vendored/contexts/html-context.js:2:156)
    at ./node_modules/next/dist/server/future/route-modules/pages/vendored/contexts/html-context.js (/Users/damir/Desktop/smart-support/frontend-support/.next/server/vendor-chunks/next.js:339:1)
    at __webpack_require__ (/Users/damir/Desktop/smart-support/frontend-support/.next/server/webpack-runtime.js:33:42)
    at eval (webpack-internal:///./node_modules/next/dist/pages/_document.js:38:35)
    at ./node_modules/next/dist/pages/_document.js (/Users/damir/Desktop/smart-support/frontend-support/.next/server/vendor-chunks/next.js:42:1)
    at __webpack_require__ (/Users/damir/Desktop/smart-support/frontend-support/.next/server/webpack-runtime.js:33:42)
    at __webpack_exec__ (/Users/damir/Desktop/smart-support/frontend-support/.next/server/pages/_document.js:62:39)
    at /Users/damir/Desktop/smart-support/frontend-support/.next/server/pages/_document.js:63:104
    at __webpack_require__.X (/Users/damir/Desktop/smart-support/frontend-support/.next/server/webpack-runtime.js:163:21)
    at /Users/damir/Desktop/smart-support/frontend-support/.next/server/pages/_document.js:63:47
    at Object.<anonymous> (/Users/damir/Desktop/smart-support/frontend-support/.next/server/pages/_document.js:66:3)
    at Module._compile (node:internal/modules/cjs/loader:1705:14)
    at Object..js (node:internal/modules/cjs/loader:1838:10)
    at Module.load (node:internal/modules/cjs/loader:1441:32)
    at Function._load (node:internal/modules/cjs/loader:1263:12)
    at TracingChannel.traceSync (node:diagnostics_channel:328:14)
    at wrapModuleLoad (node:internal/modules/cjs/loader:237:24)
    at Module.<anonymous> (node:internal/modules/cjs/loader:1463:12)
    at mod.require (/Users/damir/Desktop/smart-support/frontend-support/node_modules/next/dist/server/require-hook.js:65:28)
    at require (node:internal/modules/helpers:147:16)
    at requirePage (/Users/damir/Desktop/smart-support/frontend-support/node_modules/next/dist/server/require.js:109:84)
    at /Users/damir/Desktop/smart-support/frontend-support/node_modules/next/dist/server/load-components.js:72:65
    at async Promise.all (index 0)
    at async loadComponentsImpl (/Users/damir/Desktop/smart-support/frontend-support/node_modules/next/dist/server/load-components.js:71:33)
    at async DevServer.findPageComponentsImpl (/Users/damir/Desktop/smart-support/frontend-support/node_modules/next/dist/server/next-server.js:709:36)
 ⨯ TypeError: Cannot read properties of undefined (reading 'contexts')
    at eval (webpack-internal:///./node_modules/next/dist/server/future/route-modules/pages/vendored/contexts/html-context.js:2:156)
    at ./node_modules/next/dist/server/future/route-modules/pages/vendored/contexts/html-context.js (/Users/damir/Desktop/smart-support/frontend-support/.next/server/vendor-chunks/next.js:339:1)
    at __webpack_require__ (/Users/damir/Desktop/smart-support/frontend-support/.next/server/webpack-runtime.js:33:42)
    at eval (webpack-internal:///./node_modules/next/dist/pages/_document.js:38:35)
    at ./node_modules/next/dist/pages/_document.js (/Users/damir/Desktop/smart-support/frontend-support/.next/server/vendor-chunks/next.js:42:1)
    at __webpack_require__ (/Users/damir/Desktop/smart-support/frontend-support/.next/server/webpack-runtime.js:33:42)
    at __webpack_exec__ (/Users/damir/Desktop/smart-support/frontend-support/.next/server/pages/_document.js:62:39)
    at /Users/damir/Desktop/smart-support/frontend-support/.next/server/pages/_document.js:63:104
    at __webpack_require__.X (/Users/damir/Desktop/smart-support/frontend-support/.next/server/webpack-runtime.js:163:21)
    at /Users/damir/Desktop/smart-support/frontend-support/.next/server/pages/_document.js:63:47
    at Object.<anonymous> (/Users/damir/Desktop/smart-support/frontend-support/.next/server/pages/_document.js:66:3)
    at Module._compile (node:internal/modules/cjs/loader:1705:14)
    at Object..js (node:internal/modules/cjs/loader:1838:10)
    at Module.load (node:internal/modules/cjs/loader:1441:32)
    at Function._load (node:internal/modules/cjs/loader:1263:12)
    at TracingChannel.traceSync (node:diagnostics_channel:328:14)
    at wrapModuleLoad (node:internal/modules/cjs/loader:237:24)
    at Module.<anonymous> (node:internal/modules/cjs/loader:1463:12)
    at mod.require (/Users/damir/Desktop/smart-support/frontend-support/node_modules/next/dist/server/require-hook.js:65:28)
    at require (node:internal/modules/helpers:147:16)
    at requirePage (/Users/damir/Desktop/smart-support/frontend-support/node_modules/next/dist/server/require.js:109:84)
    at /Users/damir/Desktop/smart-support/frontend-support/node_modules/next/dist/server/load-components.js:72:65
    at async Promise.all (index 0)
    at async loadComponentsImpl (/Users/damir/Desktop/smart-support/frontend-support/node_modules/next/dist/server/load-components.js:71:33)
    at async DevServer.findPageComponentsImpl (/Users/damir/Desktop/smart-support/frontend-support/node_modules/next/dist/server/next-server.js:709:36)
TypeError: Cannot read properties of undefined (reading 'contexts')
    at Object.<anonymous> (/Users/damir/Desktop/smart-support/frontend-support/node_modules/next/dist/server/future/route-modules/pages/vendored/contexts/html-context.js:2:59)
    at Module._compile (node:internal/modules/cjs/loader:1705:14)
    at Object..js (node:internal/modules/cjs/loader:1838:10)
    at Module.load (node:internal/modules/cjs/loader:1441:32)
    at Function._load (node:internal/modules/cjs/loader:1263:12)
    at TracingChannel.traceSync (node:diagnostics_channel:328:14)
    at wrapModuleLoad (node:internal/modules/cjs/loader:237:24)
    at Module.<anonymous> (node:internal/modules/cjs/loader:1463:12)
    at mod.require (/Users/damir/Desktop/smart-support/frontend-support/node_modules/next/dist/server/require-hook.js:63:32)
    at require (node:internal/modules/helpers:147:16)
    at Object.<anonymous> (/Users/damir/Desktop/smart-support/frontend-support/node_modules/next/dist/pages/_document.js:44:35)
    at Module._compile (node:internal/modules/cjs/loader:1705:14)
    at Object..js (node:internal/modules/cjs/loader:1838:10)
    at Module.load (node:internal/modules/cjs/loader:1441:32)
    at Function._load (node:internal/modules/cjs/loader:1263:12)
    at TracingChannel.traceSync (node:diagnostics_channel:328:14)
    at wrapModuleLoad (node:internal/modules/cjs/loader:237:24)
    at Module.<anonymous> (node:internal/modules/cjs/loader:1463:12)
    at mod.require (/Users/damir/Desktop/smart-support/frontend-support/node_modules/next/dist/server/require-hook.js:65:28)
    at require (node:internal/modules/helpers:147:16)
    at loadDefaultErrorComponentsImpl (/Users/damir/Desktop/smart-support/frontend-support/node_modules/next/dist/server/load-default-error-components.js:18:58)
    at DevServer.getFallbackErrorComponents (/Users/damir/Desktop/smart-support/frontend-support/node_modules/next/dist/server/dev/next-dev-server.js:594:81)
    at async DevServer.renderErrorToResponseImpl (/Users/damir/Desktop/smart-support/frontend-support/node_modules/next/dist/server/base-server.js:2180:40)
    at async pipe.req.req (/Users/damir/Desktop/smart-support/frontend-support/node_modules/next/dist/server/base-server.js:2033:30)
    at async DevServer.pipeImpl (/Users/damir/Desktop/smart-support/frontend-support/node_modules/next/dist/server/base-server.js:914:25)
    at async /Users/damir/Desktop/smart-support/frontend-support/node_modules/next/dist/server/dev/next-dev-server.js:339:20
    at async Span.traceAsyncFn (/Users/damir/Desktop/smart-support/frontend-support/node_modules/next/dist/trace/trace.js:154:20)
    at async DevServer.handleRequest (/Users/damir/Desktop/smart-support/frontend-support/node_modules/next/dist/server/dev/next-dev-server.js:336:24)
    at async invokeRender (/Users/damir/Desktop/smart-support/frontend-support/node_modules/next/dist/server/lib/router-server.js:173:21)
    at async handleRequest (/Users/damir/Desktop/smart-support/frontend-support/node_modules/next/dist/server/lib/router-server.js:365:24)
    at async requestHandlerImpl (/Users/damir/Desktop/smart-support/frontend-support/node_modules/next/dist/server/lib/router-server.js:374:13)
    at async Server.requestListener (/Users/damir/Desktop/smart-support/frontend-support/node_modules/next/dist/server/lib/start-server.js:141:13)
 ⨯ TypeError: Cannot read properties of undefined (reading 'contexts')
    at eval (webpack-internal:///./node_modules/next/dist/server/future/route-modules/pages/vendored/contexts/html-context.js:2:156)
    at ./node_modules/next/dist/server/future/route-modules/pages/vendored/contexts/html-context.js (/Users/damir/Desktop/smart-support/frontend-support/.next/server/vendor-chunks/next.js:339:1)
    at __webpack_require__ (/Users/damir/Desktop/smart-support/frontend-support/.next/server/webpack-runtime.js:33:42)
    at eval (webpack-internal:///./node_modules/next/dist/pages/_document.js:38:35)
    at ./node_modules/next/dist/pages/_document.js (/Users/damir/Desktop/smart-support/frontend-support/.next/server/vendor-chunks/next.js:42:1)
    at __webpack_require__ (/Users/damir/Desktop/smart-support/frontend-support/.next/server/webpack-runtime.js:33:42)
    at __webpack_exec__ (/Users/damir/Desktop/smart-support/frontend-support/.next/server/pages/_document.js:62:39)
    at /Users/damir/Desktop/smart-support/frontend-support/.next/server/pages/_document.js:63:104
    at __webpack_require__.X (/Users/damir/Desktop/smart-support/frontend-support/.next/server/webpack-runtime.js:163:21)
    at /Users/damir/Desktop/smart-support/frontend-support/.next/server/pages/_document.js:63:47
    at Object.<anonymous> (/Users/damir/Desktop/smart-support/frontend-support/.next/server/pages/_document.js:66:3)
    at Module._compile (node:internal/modules/cjs/loader:1705:14)
    at Object..js (node:internal/modules/cjs/loader:1838:10)
    at Module.load (node:internal/modules/cjs/loader:1441:32)
    at Function._load (node:internal/modules/cjs/loader:1263:12)
    at TracingChannel.traceSync (node:diagnostics_channel:328:14)
    at wrapModuleLoad (node:internal/modules/cjs/loader:237:24)
    at Module.<anonymous> (node:internal/modules/cjs/loader:1463:12)
    at mod.require (/Users/damir/Desktop/smart-support/frontend-support/node_modules/next/dist/server/require-hook.js:65:28)
    at require (node:internal/modules/helpers:147:16)
    at requirePage (/Users/damir/Desktop/smart-support/frontend-support/node_modules/next/dist/server/require.js:109:84)
    at /Users/damir/Desktop/smart-support/frontend-support/node_modules/next/dist/server/load-components.js:72:65
    at async Promise.all (index 0)
    at async loadComponentsImpl (/Users/damir/Desktop/smart-support/frontend-support/node_modules/next/dist/server/load-components.js:71:33)
    at async DevServer.findPageComponentsImpl (/Users/damir/Desktop/smart-support/frontend-support/node_modules/next/dist/server/next-server.js:709:36)
TypeError: Cannot read properties of undefined (reading 'react-rsc')
    at eval (webpack-internal:///(rsc)/./node_modules/next/dist/server/future/route-modules/app-page/vendored/rsc/react-server-dom-webpack-server-edge.js:2:170)
    at (rsc)/./node_modules/next/dist/server/future/route-modules/app-page/vendored/rsc/react-server-dom-webpack-server-edge.js (/Users/damir/Desktop/smart-support/frontend-support/.next/server/vendor-chunks/next.js:2052:1)
    at __webpack_require__ (/Users/damir/Desktop/smart-support/frontend-support/.next/server/webpack-runtime.js:33:42)
    at eval (webpack-internal:///(rsc)/./node_modules/next/dist/build/webpack/loaders/next-flight-loader/module-proxy.js:11:21)
    at (rsc)/./node_modules/next/dist/build/webpack/loaders/next-flight-loader/module-proxy.js (/Users/damir/Desktop/smart-support/frontend-support/.next/server/vendor-chunks/next.js:1776:1)
    at __webpack_require__ (/Users/damir/Desktop/smart-support/frontend-support/.next/server/webpack-runtime.js:33:42)
    at (rsc)/./node_modules/next/dist/client/components/error-boundary.js (/Users/damir/Desktop/smart-support/frontend-support/.next/server/vendor-chunks/next.js:1818:25)
    at __webpack_require__ (/Users/damir/Desktop/smart-support/frontend-support/.next/server/webpack-runtime.js:33:42)
    at eval (webpack-internal:///(rsc)/./node_modules/next/dist/build/webpack/loaders/next-app-loader.js?name=app%2Fpage&page=%2Fpage&appPaths=%2Fpage&pagePath=private-next-app-dir%2Fpage.tsx&appDir=%2FUsers%2Fdamir%2FDesktop%2Fsmart-support%2Ffrontend-support%2Fapp&pageExtensions=tsx&pageExtensions=ts&pageExtensions=jsx&pageExtensions=js&rootDir=%2FUsers%2Fdamir%2FDesktop%2Fsmart-support%2Ffrontend-support&isDev=true&tsconfigPath=tsconfig.json&basePath=&assetPrefix=&nextConfigOutput=standalone&preferredRegion=&middlewareConfig=e30%3D!:13:100)
    at (rsc)/./node_modules/next/dist/build/webpack/loaders/next-app-loader.js?name=app%2Fpage&page=%2Fpage&appPaths=%2Fpage&pagePath=private-next-app-dir%2Fpage.tsx&appDir=%2FUsers%2Fdamir%2FDesktop%2Fsmart-support%2Ffrontend-support%2Fapp&pageExtensions=tsx&pageExtensions=ts&pageExtensions=jsx&pageExtensions=js&rootDir=%2FUsers%2Fdamir%2FDesktop%2Fsmart-support%2Ffrontend-support&isDev=true&tsconfigPath=tsconfig.json&basePath=&assetPrefix=&nextConfigOutput=standalone&preferredRegion=&middlewareConfig=e30%3D! (/Users/damir/Desktop/smart-support/frontend-support/.next/server/app/page.js:66:1)
    at __webpack_require__ (/Users/damir/Desktop/smart-support/frontend-support/.next/server/webpack-runtime.js:33:42)
    at __webpack_exec__ (/Users/damir/Desktop/smart-support/frontend-support/.next/server/app/page.js:250:39)
    at /Users/damir/Desktop/smart-support/frontend-support/.next/server/app/page.js:251:808
    at __webpack_require__.X (/Users/damir/Desktop/smart-support/frontend-support/.next/server/webpack-runtime.js:163:21)
    at /Users/damir/Desktop/smart-support/frontend-support/.next/server/app/page.js:251:47
    at Object.<anonymous> (/Users/damir/Desktop/smart-support/frontend-support/.next/server/app/page.js:254:3)
    at Module._compile (node:internal/modules/cjs/loader:1705:14)
    at Object..js (node:internal/modules/cjs/loader:1838:10)
    at Module.load (node:internal/modules/cjs/loader:1441:32)
    at Function._load (node:internal/modules/cjs/loader:1263:12)
    at TracingChannel.traceSync (node:diagnostics_channel:328:14)
    at wrapModuleLoad (node:internal/modules/cjs/loader:237:24)
    at Module.<anonymous> (node:internal/modules/cjs/loader:1463:12)
    at mod.require (/Users/damir/Desktop/smart-support/frontend-support/node_modules/next/dist/server/require-hook.js:65:28)
    at require (node:internal/modules/helpers:147:16)
    at requirePage (/Users/damir/Desktop/smart-support/frontend-support/node_modules/next/dist/server/require.js:109:84)
    at /Users/damir/Desktop/smart-support/frontend-support/node_modules/next/dist/server/load-components.js:98:84
    at async loadComponentsImpl (/Users/damir/Desktop/smart-support/frontend-support/node_modules/next/dist/server/load-components.js:98:26)
    at async DevServer.findPageComponentsImpl (/Users/damir/Desktop/smart-support/frontend-support/node_modules/next/dist/server/next-server.js:709:36)
    at async DevServer.findPageComponents (/Users/damir/Desktop/smart-support/frontend-support/node_modules/next/dist/server/dev/next-dev-server.js:577:20)
    at async DevServer.renderPageComponent (/Users/damir/Desktop/smart-support/frontend-support/node_modules/next/dist/server/base-server.js:1887:24)
    at async DevServer.renderToResponseImpl (/Users/damir/Desktop/smart-support/frontend-support/node_modules/next/dist/server/base-server.js:1939:32)
    at async DevServer.pipeImpl (/Users/damir/Desktop/smart-support/frontend-support/node_modules/next/dist/server/base-server.js:914:25)
    at async NextNodeServer.handleCatchallRenderRequest (/Users/damir/Desktop/smart-support/frontend-support/node_modules/next/dist/server/next-server.js:272:17)
    at async DevServer.handleRequestImpl (/Users/damir/Desktop/smart-support/frontend-support/node_modules/next/dist/server/base-server.js:810:17)
    at async /Users/damir/Desktop/smart-support/frontend-support/node_modules/next/dist/server/dev/next-dev-server.js:339:20
    at async Span.traceAsyncFn (/Users/damir/Desktop/smart-support/frontend-support/node_modules/next/dist/trace/trace.js:154:20)
    at async DevServer.handleRequest (/Users/damir/Desktop/smart-support/frontend-support/node_modules/next/dist/server/dev/next-dev-server.js:336:24)
    at async invokeRender (/Users/damir/Desktop/smart-support/frontend-support/node_modules/next/dist/server/lib/router-server.js:173:21)
    at async handleRequest (/Users/damir/Desktop/smart-support/frontend-support/node_modules/next/dist/server/lib/router-server.js:350:24)
    at async requestHandlerImpl (/Users/damir/Desktop/smart-support/frontend-support/node_modules/next/dist/server/lib/router-server.js:374:13)
    at async Server.requestListener (/Users/damir/Desktop/smart-support/frontend-support/node_modules/next/dist/server/lib/start-server.js:141:13) {
  page: '/'
}
TypeError: Cannot read properties of undefined (reading 'react-rsc')
    at eval (webpack-internal:///(rsc)/./node_modules/next/dist/server/future/route-modules/app-page/vendored/rsc/react-server-dom-webpack-server-edge.js:2:170)
    at (rsc)/./node_modules/next/dist/server/future/route-modules/app-page/vendored/rsc/react-server-dom-webpack-server-edge.js (/Users/damir/Desktop/smart-support/frontend-support/.next/server/vendor-chunks/next.js:2052:1)
    at __webpack_require__ (/Users/damir/Desktop/smart-support/frontend-support/.next/server/webpack-runtime.js:33:42)
    at eval (webpack-internal:///(rsc)/./node_modules/next/dist/build/webpack/loaders/next-flight-loader/module-proxy.js:11:21)
    at (rsc)/./node_modules/next/dist/build/webpack/loaders/next-flight-loader/module-proxy.js (/Users/damir/Desktop/smart-support/frontend-support/.next/server/vendor-chunks/next.js:1776:1)
    at __webpack_require__ (/Users/damir/Desktop/smart-support/frontend-support/.next/server/webpack-runtime.js:33:42)
    at (rsc)/./node_modules/next/dist/client/components/error-boundary.js (/Users/damir/Desktop/smart-support/frontend-support/.next/server/vendor-chunks/next.js:1818:25)
    at __webpack_require__ (/Users/damir/Desktop/smart-support/frontend-support/.next/server/webpack-runtime.js:33:42)
    at eval (webpack-internal:///(rsc)/./node_modules/next/dist/build/webpack/loaders/next-app-loader.js?name=app%2Fpage&page=%2Fpage&appPaths=%2Fpage&pagePath=private-next-app-dir%2Fpage.tsx&appDir=%2FUsers%2Fdamir%2FDesktop%2Fsmart-support%2Ffrontend-support%2Fapp&pageExtensions=tsx&pageExtensions=ts&pageExtensions=jsx&pageExtensions=js&rootDir=%2FUsers%2Fdamir%2FDesktop%2Fsmart-support%2Ffrontend-support&isDev=true&tsconfigPath=tsconfig.json&basePath=&assetPrefix=&nextConfigOutput=standalone&preferredRegion=&middlewareConfig=e30%3D!:13:100)
    at (rsc)/./node_modules/next/dist/build/webpack/loaders/next-app-loader.js?name=app%2Fpage&page=%2Fpage&appPaths=%2Fpage&pagePath=private-next-app-dir%2Fpage.tsx&appDir=%2FUsers%2Fdamir%2FDesktop%2Fsmart-support%2Ffrontend-support%2Fapp&pageExtensions=tsx&pageExtensions=ts&pageExtensions=jsx&pageExtensions=js&rootDir=%2FUsers%2Fdamir%2FDesktop%2Fsmart-support%2Ffrontend-support&isDev=true&tsconfigPath=tsconfig.json&basePath=&assetPrefix=&nextConfigOutput=standalone&preferredRegion=&middlewareConfig=e30%3D! (/Users/damir/Desktop/smart-support/frontend-support/.next/server/app/page.js:66:1)
    at __webpack_require__ (/Users/damir/Desktop/smart-support/frontend-support/.next/server/webpack-runtime.js:33:42)
    at __webpack_exec__ (/Users/damir/Desktop/smart-support/frontend-support/.next/server/app/page.js:250:39)
    at /Users/damir/Desktop/smart-support/frontend-support/.next/server/app/page.js:251:808
    at __webpack_require__.X (/Users/damir/Desktop/smart-support/frontend-support/.next/server/webpack-runtime.js:163:21)
    at /Users/damir/Desktop/smart-support/frontend-support/.next/server/app/page.js:251:47
    at Object.<anonymous> (/Users/damir/Desktop/smart-support/frontend-support/.next/server/app/page.js:254:3)
    at Module._compile (node:internal/modules/cjs/loader:1705:14)
    at Object..js (node:internal/modules/cjs/loader:1838:10)
    at Module.load (node:internal/modules/cjs/loader:1441:32)
    at Function._load (node:internal/modules/cjs/loader:1263:12)
    at TracingChannel.traceSync (node:diagnostics_channel:328:14)
    at wrapModuleLoad (node:internal/modules/cjs/loader:237:24)
    at Module.<anonymous> (node:internal/modules/cjs/loader:1463:12)
    at mod.require (/Users/damir/Desktop/smart-support/frontend-support/node_modules/next/dist/server/require-hook.js:65:28)
    at require (node:internal/modules/helpers:147:16)
    at requirePage (/Users/damir/Desktop/smart-support/frontend-support/node_modules/next/dist/server/require.js:109:84)
    at /Users/damir/Desktop/smart-support/frontend-support/node_modules/next/dist/server/load-components.js:98:84
    at async loadComponentsImpl (/Users/damir/Desktop/smart-support/frontend-support/node_modules/next/dist/server/load-components.js:98:26)
    at async DevServer.findPageComponentsImpl (/Users/damir/Desktop/smart-support/frontend-support/node_modules/next/dist/server/next-server.js:709:36)
    at async DevServer.findPageComponents (/Users/damir/Desktop/smart-support/frontend-support/node_modules/next/dist/server/dev/next-dev-server.js:577:20)
    at async DevServer.renderPageComponent (/Users/damir/Desktop/smart-support/frontend-support/node_modules/next/dist/server/base-server.js:1887:24)
    at async DevServer.renderToResponseImpl (/Users/damir/Desktop/smart-support/frontend-support/node_modules/next/dist/server/base-server.js:1939:32)
    at async DevServer.pipeImpl (/Users/damir/Desktop/smart-support/frontend-support/node_modules/next/dist/server/base-server.js:914:25)
    at async NextNodeServer.handleCatchallRenderRequest (/Users/damir/Desktop/smart-support/frontend-support/node_modules/next/dist/server/next-server.js:272:17)
    at async DevServer.handleRequestImpl (/Users/damir/Desktop/smart-support/frontend-support/node_modules/next/dist/server/base-server.js:810:17)
    at async /Users/damir/Desktop/smart-support/frontend-support/node_modules/next/dist/server/dev/next-dev-server.js:339:20
    at async Span.traceAsyncFn (/Users/damir/Desktop/smart-support/frontend-support/node_modules/next/dist/trace/trace.js:154:20)
    at async DevServer.handleRequest (/Users/damir/Desktop/smart-support/frontend-support/node_modules/next/dist/server/dev/next-dev-server.js:336:24)
    at async invokeRender (/Users/damir/Desktop/smart-support/frontend-support/node_modules/next/dist/server/lib/router-server.js:173:21)
    at async handleRequest (/Users/damir/Desktop/smart-support/frontend-support/node_modules/next/dist/server/lib/router-server.js:350:24)
    at async requestHandlerImpl (/Users/damir/Desktop/smart-support/frontend-support/node_modules/next/dist/server/lib/router-server.js:374:13)
    at async Server.requestListener (/Users/damir/Desktop/smart-support/frontend-support/node_modules/next/dist/server/lib/start-server.js:141:13) {
  page: '/'
}
 ⨯ TypeError: Cannot read properties of undefined (reading 'contexts')
    at eval (webpack-internal:///./node_modules/next/dist/server/future/route-modules/pages/vendored/contexts/html-context.js:2:156)
    at ./node_modules/next/dist/server/future/route-modules/pages/vendored/contexts/html-context.js (/Users/damir/Desktop/smart-support/frontend-support/.next/server/vendor-chunks/next.js:339:1)
    at __webpack_require__ (/Users/damir/Desktop/smart-support/frontend-support/.next/server/webpack-runtime.js:33:42)
    at eval (webpack-internal:///./node_modules/next/dist/pages/_document.js:38:35)
    at ./node_modules/next/dist/pages/_document.js (/Users/damir/Desktop/smart-support/frontend-support/.next/server/vendor-chunks/next.js:42:1)
    at __webpack_require__ (/Users/damir/Desktop/smart-support/frontend-support/.next/server/webpack-runtime.js:33:42)
    at __webpack_exec__ (/Users/damir/Desktop/smart-support/frontend-support/.next/server/pages/_document.js:62:39)
    at /Users/damir/Desktop/smart-support/frontend-support/.next/server/pages/_document.js:63:104
    at __webpack_require__.X (/Users/damir/Desktop/smart-support/frontend-support/.next/server/webpack-runtime.js:163:21)
    at /Users/damir/Desktop/smart-support/frontend-support/.next/server/pages/_document.js:63:47
    at Object.<anonymous> (/Users/damir/Desktop/smart-support/frontend-support/.next/server/pages/_document.js:66:3)
    at Module._compile (node:internal/modules/cjs/loader:1705:14)
    at Object..js (node:internal/modules/cjs/loader:1838:10)
    at Module.load (node:internal/modules/cjs/loader:1441:32)
    at Function._load (node:internal/modules/cjs/loader:1263:12)
    at TracingChannel.traceSync (node:diagnostics_channel:328:14)
    at wrapModuleLoad (node:internal/modules/cjs/loader:237:24)
    at Module.<anonymous> (node:internal/modules/cjs/loader:1463:12)
    at mod.require (/Users/damir/Desktop/smart-support/frontend-support/node_modules/next/dist/server/require-hook.js:65:28)
    at require (node:internal/modules/helpers:147:16)
    at requirePage (/Users/damir/Desktop/smart-support/frontend-support/node_modules/next/dist/server/require.js:109:84)
    at /Users/damir/Desktop/smart-support/frontend-support/node_modules/next/dist/server/load-components.js:72:65
    at async Promise.all (index 0)
    at async loadComponentsImpl (/Users/damir/Desktop/smart-support/frontend-support/node_modules/next/dist/server/load-components.js:71:33)
    at async DevServer.findPageComponentsImpl (/Users/damir/Desktop/smart-support/frontend-support/node_modules/next/dist/server/next-server.js:709:36)
 ⨯ TypeError: Cannot read properties of undefined (reading 'contexts')
    at eval (webpack-internal:///./node_modules/next/dist/server/future/route-modules/pages/vendored/contexts/html-context.js:2:156)
    at ./node_modules/next/dist/server/future/route-modules/pages/vendored/contexts/html-context.js (/Users/damir/Desktop/smart-support/frontend-support/.next/server/vendor-chunks/next.js:339:1)
    at __webpack_require__ (/Users/damir/Desktop/smart-support/frontend-support/.next/server/webpack-runtime.js:33:42)
    at eval (webpack-internal:///./node_modules/next/dist/pages/_document.js:38:35)
    at ./node_modules/next/dist/pages/_document.js (/Users/damir/Desktop/smart-support/frontend-support/.next/server/vendor-chunks/next.js:42:1)
    at __webpack_require__ (/Users/damir/Desktop/smart-support/frontend-support/.next/server/webpack-runtime.js:33:42)
    at __webpack_exec__ (/Users/damir/Desktop/smart-support/frontend-support/.next/server/pages/_document.js:62:39)
    at /Users/damir/Desktop/smart-support/frontend-support/.next/server/pages/_document.js:63:104
    at __webpack_require__.X (/Users/damir/Desktop/smart-support/frontend-support/.next/server/webpack-runtime.js:163:21)
    at /Users/damir/Desktop/smart-support/frontend-support/.next/server/pages/_document.js:63:47
    at Object.<anonymous> (/Users/damir/Desktop/smart-support/frontend-support/.next/server/pages/_document.js:66:3)
    at Module._compile (node:internal/modules/cjs/loader:1705:14)
    at Object..js (node:internal/modules/cjs/loader:1838:10)
    at Module.load (node:internal/modules/cjs/loader:1441:32)
    at Function._load (node:internal/modules/cjs/loader:1263:12)
    at TracingChannel.traceSync (node:diagnostics_channel:328:14)
    at wrapModuleLoad (node:internal/modules/cjs/loader:237:24)
    at Module.<anonymous> (node:internal/modules/cjs/loader:1463:12)
    at mod.require (/Users/damir/Desktop/smart-support/frontend-support/node_modules/next/dist/server/require-hook.js:65:28)
    at require (node:internal/modules/helpers:147:16)
    at requirePage (/Users/damir/Desktop/smart-support/frontend-support/node_modules/next/dist/server/require.js:109:84)
    at /Users/damir/Desktop/smart-support/frontend-support/node_modules/next/dist/server/load-components.js:72:65
    at async Promise.all (index 0)
    at async loadComponentsImpl (/Users/damir/Desktop/smart-support/frontend-support/node_modules/next/dist/server/load-components.js:71:33)
    at async DevServer.findPageComponentsImpl (/Users/damir/Desktop/smart-support/frontend-support/node_modules/next/dist/server/next-server.js:709:36)
TypeError: Cannot read properties of undefined (reading 'contexts')
    at Object.<anonymous> (/Users/damir/Desktop/smart-support/frontend-support/node_modules/next/dist/server/future/route-modules/pages/vendored/contexts/html-context.js:2:59)
    at Module._compile (node:internal/modules/cjs/loader:1705:14)
    at Object..js (node:internal/modules/cjs/loader:1838:10)
    at Module.load (node:internal/modules/cjs/loader:1441:32)
    at Function._load (node:internal/modules/cjs/loader:1263:12)
    at TracingChannel.traceSync (node:diagnostics_channel:328:14)
    at wrapModuleLoad (node:internal/modules/cjs/loader:237:24)
    at Module.<anonymous> (node:internal/modules/cjs/loader:1463:12)
    at mod.require (/Users/damir/Desktop/smart-support/frontend-support/node_modules/next/dist/server/require-hook.js:63:32)
    at require (node:internal/modules/helpers:147:16)
    at Object.<anonymous> (/Users/damir/Desktop/smart-support/frontend-support/node_modules/next/dist/pages/_document.js:44:35)
    at Module._compile (node:internal/modules/cjs/loader:1705:14)
    at Object..js (node:internal/modules/cjs/loader:1838:10)
    at Module.load (node:internal/modules/cjs/loader:1441:32)
    at Function._load (node:internal/modules/cjs/loader:1263:12)
    at TracingChannel.traceSync (node:diagnostics_channel:328:14)
    at wrapModuleLoad (node:internal/modules/cjs/loader:237:24)
    at Module.<anonymous> (node:internal/modules/cjs/loader:1463:12)
    at mod.require (/Users/damir/Desktop/smart-support/frontend-support/node_modules/next/dist/server/require-hook.js:65:28)
    at require (node:internal/modules/helpers:147:16)
    at loadDefaultErrorComponentsImpl (/Users/damir/Desktop/smart-support/frontend-support/node_modules/next/dist/server/load-default-error-components.js:18:58)
    at DevServer.getFallbackErrorComponents (/Users/damir/Desktop/smart-support/frontend-support/node_modules/next/dist/server/dev/next-dev-server.js:594:81)
    at async DevServer.renderErrorToResponseImpl (/Users/damir/Desktop/smart-support/frontend-support/node_modules/next/dist/server/base-server.js:2180:40)
    at async pipe.req.req (/Users/damir/Desktop/smart-support/frontend-support/node_modules/next/dist/server/base-server.js:2033:30)
    at async DevServer.pipeImpl (/Users/damir/Desktop/smart-support/frontend-support/node_modules/next/dist/server/base-server.js:914:25)
    at async /Users/damir/Desktop/smart-support/frontend-support/node_modules/next/dist/server/dev/next-dev-server.js:339:20
    at async Span.traceAsyncFn (/Users/damir/Desktop/smart-support/frontend-support/node_modules/next/dist/trace/trace.js:154:20)
    at async DevServer.handleRequest (/Users/damir/Desktop/smart-support/frontend-support/node_modules/next/dist/server/dev/next-dev-server.js:336:24)
    at async invokeRender (/Users/damir/Desktop/smart-support/frontend-support/node_modules/next/dist/server/lib/router-server.js:173:21)
    at async requestHandlerImpl (/Users/damir/Desktop/smart-support/frontend-support/node_modules/next/dist/server/lib/router-server.js:386:24)
    at async Server.requestListener (/Users/damir/Desktop/smart-support/frontend-support/node_modules/next/dist/server/lib/start-server.js:141:13)
TypeError: Cannot read properties of undefined (reading 'contexts')
    at Object.<anonymous> (/Users/damir/Desktop/smart-support/frontend-support/node_modules/next/dist/server/future/route-modules/pages/vendored/contexts/html-context.js:2:59)
    at Module._compile (node:internal/modules/cjs/loader:1705:14)
    at Object..js (node:internal/modules/cjs/loader:1838:10)
    at Module.load (node:internal/modules/cjs/loader:1441:32)
    at Function._load (node:internal/modules/cjs/loader:1263:12)
    at TracingChannel.traceSync (node:diagnostics_channel:328:14)
    at wrapModuleLoad (node:internal/modules/cjs/loader:237:24)
    at Module.<anonymous> (node:internal/modules/cjs/loader:1463:12)
    at mod.require (/Users/damir/Desktop/smart-support/frontend-support/node_modules/next/dist/server/require-hook.js:63:32)
    at require (node:internal/modules/helpers:147:16)
    at Object.<anonymous> (/Users/damir/Desktop/smart-support/frontend-support/node_modules/next/dist/pages/_document.js:44:35)
    at Module._compile (node:internal/modules/cjs/loader:1705:14)
    at Object..js (node:internal/modules/cjs/loader:1838:10)
    at Module.load (node:internal/modules/cjs/loader:1441:32)
    at Function._load (node:internal/modules/cjs/loader:1263:12)
    at TracingChannel.traceSync (node:diagnostics_channel:328:14)
    at wrapModuleLoad (node:internal/modules/cjs/loader:237:24)
    at Module.<anonymous> (node:internal/modules/cjs/loader:1463:12)
    at mod.require (/Users/damir/Desktop/smart-support/frontend-support/node_modules/next/dist/server/require-hook.js:65:28)
    at require (node:internal/modules/helpers:147:16)
    at loadDefaultErrorComponentsImpl (/Users/damir/Desktop/smart-support/frontend-support/node_modules/next/dist/server/load-default-error-components.js:18:58)
    at DevServer.getFallbackErrorComponents (/Users/damir/Desktop/smart-support/frontend-support/node_modules/next/dist/server/dev/next-dev-server.js:594:81)
    at async DevServer.renderErrorToResponseImpl (/Users/damir/Desktop/smart-support/frontend-support/node_modules/next/dist/server/base-server.js:2180:40)
    at async pipe.req.req (/Users/damir/Desktop/smart-support/frontend-support/node_modules/next/dist/server/base-server.js:2033:30)
    at async DevServer.pipeImpl (/Users/damir/Desktop/smart-support/frontend-support/node_modules/next/dist/server/base-server.js:914:25)
    at async /Users/damir/Desktop/smart-support/frontend-support/node_modules/next/dist/server/dev/next-dev-server.js:339:20
    at async Span.traceAsyncFn (/Users/damir/Desktop/smart-support/frontend-support/node_modules/next/dist/trace/trace.js:154:20)
    at async DevServer.handleRequest (/Users/damir/Desktop/smart-support/frontend-support/node_modules/next/dist/server/dev/next-dev-server.js:336:24)
    at async invokeRender (/Users/damir/Desktop/smart-support/frontend-support/node_modules/next/dist/server/lib/router-server.js:173:21)
    at async requestHandlerImpl (/Users/damir/Desktop/smart-support/frontend-support/node_modules/next/dist/server/lib/router-server.js:386:24)
    at async Server.requestListener (/Users/damir/Desktop/smart-support/frontend-support/node_modules/next/dist/server/lib/start-server.js:141:13)
TypeError: Cannot read properties of undefined (reading 'contexts')
    at Object.<anonymous> (/Users/damir/Desktop/smart-support/frontend-support/node_modules/next/dist/server/future/route-modules/pages/vendored/contexts/html-context.js:2:59)
    at Module._compile (node:internal/modules/cjs/loader:1705:14)
    at Object..js (node:internal/modules/cjs/loader:1838:10)
    at Module.load (node:internal/modules/cjs/loader:1441:32)
    at Function._load (node:internal/modules/cjs/loader:1263:12)
    at TracingChannel.traceSync (node:diagnostics_channel:328:14)
    at wrapModuleLoad (node:internal/modules/cjs/loader:237:24)
    at Module.<anonymous> (node:internal/modules/cjs/loader:1463:12)
    at mod.require (/Users/damir/Desktop/smart-support/frontend-support/node_modules/next/dist/server/require-hook.js:63:32)
    at require (node:internal/modules/helpers:147:16)
    at Object.<anonymous> (/Users/damir/Desktop/smart-support/frontend-support/node_modules/next/dist/pages/_document.js:44:35)
    at Module._compile (node:internal/modules/cjs/loader:1705:14)
    at Object..js (node:internal/modules/cjs/loader:1838:10)
    at Module.load (node:internal/modules/cjs/loader:1441:32)
    at Function._load (node:internal/modules/cjs/loader:1263:12)
    at TracingChannel.traceSync (node:diagnostics_channel:328:14)
    at wrapModuleLoad (node:internal/modules/cjs/loader:237:24)
    at Module.<anonymous> (node:internal/modules/cjs/loader:1463:12)
    at mod.require (/Users/damir/Desktop/smart-support/frontend-support/node_modules/next/dist/server/require-hook.js:65:28)
    at require (node:internal/modules/helpers:147:16)
    at loadDefaultErrorComponentsImpl (/Users/damir/Desktop/smart-support/frontend-support/node_modules/next/dist/server/load-default-error-components.js:18:58)
    at DevServer.getFallbackErrorComponents (/Users/damir/Desktop/smart-support/frontend-support/node_modules/next/dist/server/dev/next-dev-server.js:594:81)
    at async DevServer.renderErrorToResponseImpl (/Users/damir/Desktop/smart-support/frontend-support/node_modules/next/dist/server/base-server.js:2180:40)
    at async pipe.req.req (/Users/damir/Desktop/smart-support/frontend-support/node_modules/next/dist/server/base-server.js:2033:30)
    at async DevServer.pipeImpl (/Users/damir/Desktop/smart-support/frontend-support/node_modules/next/dist/server/base-server.js:914:25)
    at async /Users/damir/Desktop/smart-support/frontend-support/node_modules/next/dist/server/dev/next-dev-server.js:339:20
    at async Span.traceAsyncFn (/Users/damir/Desktop/smart-support/frontend-support/node_modules/next/dist/trace/trace.js:154:20)
    at async DevServer.handleRequest (/Users/damir/Desktop/smart-support/frontend-support/node_modules/next/dist/server/dev/next-dev-server.js:336:24)
    at async invokeRender (/Users/damir/Desktop/smart-support/frontend-support/node_modules/next/dist/server/lib/router-server.js:173:21)
    at async requestHandlerImpl (/Users/damir/Desktop/smart-support/frontend-support/node_modules/next/dist/server/lib/router-server.js:386:24)
    at async Server.requestListener (/Users/damir/Desktop/smart-support/frontend-support/node_modules/next/dist/server/lib/start-server.js:141:13)
 ✓ Compiled in 386ms (1704 modules)
